{"meta": {"format": 3, "version": "7.11.0", "timestamp": "2025-11-01T19:37:23.473735", "branch_coverage": false, "show_contexts": false}, "files": {"emx_mcp/__init__.py": {"executed_lines": [1, 3, 5, 6, 8], "summary": {"covered_lines": 4, "num_statements": 4, "percent_covered": 100.0, "percent_covered_display": "100", "missing_lines": 0, "excluded_lines": 0}, "missing_lines": [], "excluded_lines": [], "functions": {"": {"executed_lines": [1, 3, 5, 6, 8], "summary": {"covered_lines": 4, "num_statements": 4, "percent_covered": 100.0, "percent_covered_display": "100", "missing_lines": 0, "excluded_lines": 0}, "missing_lines": [], "excluded_lines": []}}, "classes": {"": {"executed_lines": [1, 3, 5, 6, 8], "summary": {"covered_lines": 4, "num_statements": 4, "percent_covered": 100.0, "percent_covered_display": "100", "missing_lines": 0, "excluded_lines": 0}, "missing_lines": [], "excluded_lines": []}}}, "emx_mcp/embeddings/__init__.py": {"executed_lines": [1, 3, 5], "summary": {"covered_lines": 2, "num_statements": 2, "percent_covered": 100.0, "percent_covered_display": "100", "missing_lines": 0, "excluded_lines": 0}, "missing_lines": [], "excluded_lines": [], "functions": {"": {"executed_lines": [1, 3, 5], "summary": {"covered_lines": 2, "num_statements": 2, "percent_covered": 100.0, "percent_covered_display": "100", "missing_lines": 0, "excluded_lines": 0}, "missing_lines": [], "excluded_lines": []}}, "classes": {"": {"executed_lines": [1, 3, 5], "summary": {"covered_lines": 2, "num_statements": 2, "percent_covered": 100.0, "percent_covered_display": "100", "missing_lines": 0, "excluded_lines": 0}, "missing_lines": [], "excluded_lines": []}}}, "emx_mcp/embeddings/encoder.py": {"executed_lines": [1, 6, 7, 9, 11, 14, 17, 18, 31, 56, 61, 67, 68, 69, 72, 79, 80, 82, 83, 84, 87, 88, 89, 92, 93, 94, 95, 97, 98, 99, 104, 105, 115, 119, 127, 128, 131, 132, 133, 134, 140, 141, 144, 158, 178, 182, 183, 184, 185, 186, 189, 192, 202, 204, 217, 218, 220, 221, 224, 225, 226, 227, 228, 232, 234, 241, 249, 250, 252, 262, 265, 272, 274, 276, 277, 281, 282, 283, 289, 291], "summary": {"covered_lines": 77, "num_statements": 100, "percent_covered": 77.0, "percent_covered_display": "77", "missing_lines": 23, "excluded_lines": 2}, "missing_lines": [57, 62, 73, 106, 107, 110, 111, 112, 113, 135, 136, 137, 142, 149, 150, 153, 179, 263, 298, 305, 306, 307, 314], "excluded_lines": [11, 12], "functions": {"EmbeddingEncoder.__init__": {"executed_lines": [56, 61, 67, 68, 69, 72, 79, 80, 82, 83, 84, 87, 88, 89, 92, 93, 94, 95, 97, 98, 99, 104, 105, 115, 119, 127, 128, 131, 132, 133, 134, 140, 141, 144], "summary": {"covered_lines": 34, "num_statements": 50, "percent_covered": 68.0, "percent_covered_display": "68", "missing_lines": 16, "excluded_lines": 0}, "missing_lines": [57, 62, 73, 106, 107, 110, 111, 112, 113, 135, 136, 137, 142, 149, 150, 153], "excluded_lines": []}, "EmbeddingEncoder.encode_batch": {"executed_lines": [178, 182, 183, 184, 185, 186, 189, 192, 202], "summary": {"covered_lines": 9, "num_statements": 10, "percent_covered": 90.0, "percent_covered_display": "90", "missing_lines": 1, "excluded_lines": 0}, "missing_lines": [179], "excluded_lines": []}, "EmbeddingEncoder.encode_tokens_with_context": {"executed_lines": [217, 218, 220, 221, 224, 225, 226, 227, 228, 232, 234, 241, 249, 250], "summary": {"covered_lines": 14, "num_statements": 14, "percent_covered": 100.0, "percent_covered_display": "100", "missing_lines": 0, "excluded_lines": 0}, "missing_lines": [], "excluded_lines": []}, "EmbeddingEncoder.get_query_embedding": {"executed_lines": [262, 265, 272], "summary": {"covered_lines": 3, "num_statements": 4, "percent_covered": 75.0, "percent_covered_display": "75", "missing_lines": 1, "excluded_lines": 0}, "missing_lines": [263], "excluded_lines": []}, "EmbeddingEncoder._warmup": {"executed_lines": [276, 277, 281, 282, 283, 289], "summary": {"covered_lines": 6, "num_statements": 6, "percent_covered": 100.0, "percent_covered_display": "100", "missing_lines": 0, "excluded_lines": 0}, "missing_lines": [], "excluded_lines": []}, "EmbeddingEncoder.get_device_info": {"executed_lines": [], "summary": {"covered_lines": 0, "num_statements": 5, "percent_covered": 0.0, "percent_covered_display": "0", "missing_lines": 5, "excluded_lines": 0}, "missing_lines": [298, 305, 306, 307, 314], "excluded_lines": []}, "": {"executed_lines": [1, 6, 7, 9, 11, 14, 17, 18, 31, 158, 204, 252, 274, 291], "summary": {"covered_lines": 11, "num_statements": 11, "percent_covered": 100.0, "percent_covered_display": "100", "missing_lines": 0, "excluded_lines": 2}, "missing_lines": [], "excluded_lines": [11, 12]}}, "classes": {"EmbeddingEncoder": {"executed_lines": [56, 61, 67, 68, 69, 72, 79, 80, 82, 83, 84, 87, 88, 89, 92, 93, 94, 95, 97, 98, 99, 104, 105, 115, 119, 127, 128, 131, 132, 133, 134, 140, 141, 144, 178, 182, 183, 184, 185, 186, 189, 192, 202, 217, 218, 220, 221, 224, 225, 226, 227, 228, 232, 234, 241, 249, 250, 262, 265, 272, 276, 277, 281, 282, 283, 289], "summary": {"covered_lines": 66, "num_statements": 89, "percent_covered": 74.15730337078652, "percent_covered_display": "74", "missing_lines": 23, "excluded_lines": 0}, "missing_lines": [57, 62, 73, 106, 107, 110, 111, 112, 113, 135, 136, 137, 142, 149, 150, 153, 179, 263, 298, 305, 306, 307, 314], "excluded_lines": []}, "": {"executed_lines": [1, 6, 7, 9, 11, 14, 17, 18, 31, 158, 204, 252, 274, 291], "summary": {"covered_lines": 11, "num_statements": 11, "percent_covered": 100.0, "percent_covered_display": "100", "missing_lines": 0, "excluded_lines": 2}, "missing_lines": [], "excluded_lines": [11, 12]}}}, "emx_mcp/gpu/__init__.py": {"executed_lines": [1, 3, 9], "summary": {"covered_lines": 2, "num_statements": 2, "percent_covered": 100.0, "percent_covered_display": "100", "missing_lines": 0, "excluded_lines": 0}, "missing_lines": [], "excluded_lines": [], "functions": {"": {"executed_lines": [1, 3, 9], "summary": {"covered_lines": 2, "num_statements": 2, "percent_covered": 100.0, "percent_covered_display": "100", "missing_lines": 0, "excluded_lines": 0}, "missing_lines": [], "excluded_lines": []}}, "classes": {"": {"executed_lines": [1, 3, 9], "summary": {"covered_lines": 2, "num_statements": 2, "percent_covered": 100.0, "percent_covered_display": "100", "missing_lines": 0, "excluded_lines": 0}, "missing_lines": [], "excluded_lines": []}}}, "emx_mcp/gpu/stream_manager.py": {"executed_lines": [1, 20, 21, 22, 23, 24, 26, 29, 32, 33, 35, 41, 42, 71, 82, 89, 90, 91, 94, 95, 96, 99, 101, 103, 105, 106, 108, 110, 113, 116, 117, 118, 119, 120, 121, 129, 130, 132, 147, 149, 150, 152, 157, 158, 161, 162, 163, 165, 167, 177, 178, 179, 180, 182, 183, 184, 187, 190, 192, 193, 206, 207, 208, 210, 212, 223, 229, 230, 231, 233, 235, 236, 237, 239, 243, 244, 258, 260, 261, 277, 279, 287, 288, 291, 310, 313, 314, 316, 317, 318, 322, 327], "summary": {"covered_lines": 88, "num_statements": 104, "percent_covered": 84.61538461538461, "percent_covered_display": "85", "missing_lines": 16, "excluded_lines": 7}, "missing_lines": [36, 37, 38, 83, 111, 122, 123, 125, 126, 127, 221, 241, 311, 323, 324, 325], "excluded_lines": [26, 27, 279, 280, 281, 282, 283], "functions": {"StreamManager.__init__": {"executed_lines": [82, 89, 90, 91, 94, 95, 96, 99, 101], "summary": {"covered_lines": 9, "num_statements": 10, "percent_covered": 90.0, "percent_covered_display": "90", "missing_lines": 1, "excluded_lines": 0}, "missing_lines": [83], "excluded_lines": []}, "StreamManager._ensure_initialized": {"executed_lines": [105, 106, 108, 110, 113, 116, 117, 118, 119, 120, 121, 129, 130], "summary": {"covered_lines": 13, "num_statements": 19, "percent_covered": 68.42105263157895, "percent_covered_display": "68", "missing_lines": 6, "excluded_lines": 0}, "missing_lines": [111, 122, 123, 125, 126, 127], "excluded_lines": []}, "StreamManager.acquire": {"executed_lines": [147, 149, 150, 152, 157, 158, 161, 162, 163, 165], "summary": {"covered_lines": 10, "num_statements": 10, "percent_covered": 100.0, "percent_covered_display": "100", "missing_lines": 0, "excluded_lines": 0}, "missing_lines": [], "excluded_lines": []}, "StreamManager.release": {"executed_lines": [177, 178, 179, 180, 182, 183, 184, 187, 190], "summary": {"covered_lines": 9, "num_statements": 9, "percent_covered": 100.0, "percent_covered_display": "100", "missing_lines": 0, "excluded_lines": 0}, "missing_lines": [], "excluded_lines": []}, "StreamManager.acquire_stream": {"executed_lines": [206, 207, 208, 210], "summary": {"covered_lines": 4, "num_statements": 4, "percent_covered": 100.0, "percent_covered_display": "100", "missing_lines": 0, "excluded_lines": 0}, "missing_lines": [], "excluded_lines": []}, "StreamManager.synchronize_stream": {"executed_lines": [], "summary": {"covered_lines": 0, "num_statements": 1, "percent_covered": 0.0, "percent_covered_display": "0", "missing_lines": 1, "excluded_lines": 0}, "missing_lines": [221], "excluded_lines": []}, "StreamManager.synchronize_all": {"executed_lines": [229, 230, 231], "summary": {"covered_lines": 3, "num_statements": 3, "percent_covered": 100.0, "percent_covered_display": "100", "missing_lines": 0, "excluded_lines": 0}, "missing_lines": [], "excluded_lines": []}, "StreamManager.available_streams": {"executed_lines": [235, 236, 237], "summary": {"covered_lines": 3, "num_statements": 3, "percent_covered": 100.0, "percent_covered_display": "100", "missing_lines": 0, "excluded_lines": 0}, "missing_lines": [], "excluded_lines": []}, "StreamManager.total_streams": {"executed_lines": [], "summary": {"covered_lines": 0, "num_statements": 1, "percent_covered": 0.0, "percent_covered_display": "0", "missing_lines": 1, "excluded_lines": 0}, "missing_lines": [241], "excluded_lines": []}, "StreamManager.wait_stream": {"executed_lines": [258], "summary": {"covered_lines": 1, "num_statements": 1, "percent_covered": 100.0, "percent_covered_display": "100", "missing_lines": 0, "excluded_lines": 0}, "missing_lines": [], "excluded_lines": []}, "StreamManager.record_tensor_stream": {"executed_lines": [277], "summary": {"covered_lines": 1, "num_statements": 1, "percent_covered": 100.0, "percent_covered_display": "100", "missing_lines": 0, "excluded_lines": 0}, "missing_lines": [], "excluded_lines": []}, "StreamManager.__repr__": {"executed_lines": [], "summary": {"covered_lines": 0, "num_statements": 0, "percent_covered": 100.0, "percent_covered_display": "100", "missing_lines": 0, "excluded_lines": 4}, "missing_lines": [], "excluded_lines": [280, 281, 282, 283]}, "get_global_stream_manager": {"executed_lines": [310, 313, 314, 316, 317, 318, 322, 327], "summary": {"covered_lines": 8, "num_statements": 12, "percent_covered": 66.66666666666667, "percent_covered_display": "67", "missing_lines": 4, "excluded_lines": 0}, "missing_lines": [311, 323, 324, 325], "excluded_lines": []}, "": {"executed_lines": [1, 20, 21, 22, 23, 24, 26, 29, 32, 33, 35, 41, 42, 71, 103, 132, 167, 192, 193, 212, 223, 233, 239, 243, 244, 260, 261, 279, 287, 288, 291], "summary": {"covered_lines": 27, "num_statements": 30, "percent_covered": 90.0, "percent_covered_display": "90", "missing_lines": 3, "excluded_lines": 3}, "missing_lines": [36, 37, 38], "excluded_lines": [26, 27, 279]}}, "classes": {"StreamManager": {"executed_lines": [82, 89, 90, 91, 94, 95, 96, 99, 101, 105, 106, 108, 110, 113, 116, 117, 118, 119, 120, 121, 129, 130, 147, 149, 150, 152, 157, 158, 161, 162, 163, 165, 177, 178, 179, 180, 182, 183, 184, 187, 190, 206, 207, 208, 210, 229, 230, 231, 235, 236, 237, 258, 277], "summary": {"covered_lines": 53, "num_statements": 62, "percent_covered": 85.48387096774194, "percent_covered_display": "85", "missing_lines": 9, "excluded_lines": 4}, "missing_lines": [83, 111, 122, 123, 125, 126, 127, 221, 241], "excluded_lines": [280, 281, 282, 283]}, "": {"executed_lines": [1, 20, 21, 22, 23, 24, 26, 29, 32, 33, 35, 41, 42, 71, 103, 132, 167, 192, 193, 212, 223, 233, 239, 243, 244, 260, 261, 279, 287, 288, 291, 310, 313, 314, 316, 317, 318, 322, 327], "summary": {"covered_lines": 35, "num_statements": 42, "percent_covered": 83.33333333333333, "percent_covered_display": "83", "missing_lines": 7, "excluded_lines": 3}, "missing_lines": [36, 37, 38, 311, 323, 324, 325], "excluded_lines": [26, 27, 279]}}}, "emx_mcp/memory/project_manager.py": {"executed_lines": [1, 3, 4, 5, 6, 7, 8, 10, 11, 13, 14, 15, 16, 17, 19, 22, 23, 25, 27, 28, 29, 33, 34, 37, 38, 41, 44, 45, 52, 55, 56, 58, 60, 61, 62, 92, 93, 94, 96, 100, 101, 105, 108, 113, 114, 117, 118, 121, 125, 126, 128, 132, 136, 140, 168, 169, 174, 175, 183, 194, 204, 226, 229, 233, 245, 249, 256, 259, 267, 269, 292, 295, 296, 299, 300, 303, 312, 314, 315, 317, 318, 319, 322, 329, 339, 340, 342, 343, 346, 347, 349, 350, 351, 354, 355, 360, 361, 362, 363, 364, 367, 373, 374, 377, 379, 380, 382, 387, 396, 402, 404, 408, 412, 427, 436, 440, 444, 457, 476, 488, 508, 513, 520, 522, 534], "summary": {"covered_lines": 123, "num_statements": 162, "percent_covered": 75.92592592592592, "percent_covered_display": "76", "missing_lines": 39, "excluded_lines": 0}, "missing_lines": [64, 80, 81, 83, 84, 86, 102, 103, 130, 134, 138, 202, 227, 406, 410, 414, 416, 417, 419, 421, 423, 425, 429, 438, 442, 446, 448, 449, 451, 459, 460, 462, 465, 468, 470, 486, 509, 532, 536], "excluded_lines": [], "functions": {"ProjectMemoryManager.__init__": {"executed_lines": [28, 29, 33, 34, 37, 38, 41, 44, 45, 52, 55, 56, 58, 60, 61, 62, 92, 93, 94, 96, 100, 101, 105, 108, 113, 114, 117, 118, 121, 125, 126], "summary": {"covered_lines": 31, "num_statements": 39, "percent_covered": 79.48717948717949, "percent_covered_display": "79", "missing_lines": 8, "excluded_lines": 0}, "missing_lines": [64, 80, 81, 83, 84, 86, 102, 103], "excluded_lines": []}, "ProjectMemoryManager.get_local_context": {"executed_lines": [], "summary": {"covered_lines": 0, "num_statements": 1, "percent_covered": 0.0, "percent_covered_display": "0", "missing_lines": 1, "excluded_lines": 0}, "missing_lines": [130], "excluded_lines": []}, "ProjectMemoryManager.get_global_context": {"executed_lines": [], "summary": {"covered_lines": 0, "num_statements": 1, "percent_covered": 0.0, "percent_covered_display": "0", "missing_lines": 1, "excluded_lines": 0}, "missing_lines": [134], "excluded_lines": []}, "ProjectMemoryManager.get_global_semantic": {"executed_lines": [], "summary": {"covered_lines": 0, "num_statements": 1, "percent_covered": 0.0, "percent_covered_display": "0", "missing_lines": 1, "excluded_lines": 0}, "missing_lines": [138], "excluded_lines": []}, "ProjectMemoryManager.segment_tokens": {"executed_lines": [168, 169, 174, 175, 183], "summary": {"covered_lines": 5, "num_statements": 5, "percent_covered": 100.0, "percent_covered_display": "100", "missing_lines": 0, "excluded_lines": 0}, "missing_lines": [], "excluded_lines": []}, "ProjectMemoryManager.retrieve_memories": {"executed_lines": [], "summary": {"covered_lines": 0, "num_statements": 1, "percent_covered": 0.0, "percent_covered_display": "0", "missing_lines": 1, "excluded_lines": 0}, "missing_lines": [202], "excluded_lines": []}, "ProjectMemoryManager.retrieve_memories_batch": {"executed_lines": [226, 229], "summary": {"covered_lines": 2, "num_statements": 3, "percent_covered": 66.66666666666667, "percent_covered_display": "67", "missing_lines": 1, "excluded_lines": 0}, "missing_lines": [227], "excluded_lines": []}, "ProjectMemoryManager.retrieve_batch": {"executed_lines": [245], "summary": {"covered_lines": 1, "num_statements": 1, "percent_covered": 100.0, "percent_covered_display": "100", "missing_lines": 0, "excluded_lines": 0}, "missing_lines": [], "excluded_lines": []}, "ProjectMemoryManager.get_cache_info": {"executed_lines": [256, 259, 267], "summary": {"covered_lines": 3, "num_statements": 3, "percent_covered": 100.0, "percent_covered_display": "100", "missing_lines": 0, "excluded_lines": 0}, "missing_lines": [], "excluded_lines": []}, "ProjectMemoryManager.add_event": {"executed_lines": [292, 295, 296, 299, 300, 303, 312, 314, 315, 317, 318, 319, 322], "summary": {"covered_lines": 13, "num_statements": 13, "percent_covered": 100.0, "percent_covered_display": "100", "missing_lines": 0, "excluded_lines": 0}, "missing_lines": [], "excluded_lines": []}, "ProjectMemoryManager._flush_pending_events": {"executed_lines": [339, 340, 342, 343, 346, 347, 349, 350, 351, 354, 355, 360, 361, 362, 363, 364, 367, 373, 374, 377, 379, 380, 382, 387], "summary": {"covered_lines": 24, "num_statements": 24, "percent_covered": 100.0, "percent_covered_display": "100", "missing_lines": 0, "excluded_lines": 0}, "missing_lines": [], "excluded_lines": []}, "ProjectMemoryManager.flush_events": {"executed_lines": [402], "summary": {"covered_lines": 1, "num_statements": 1, "percent_covered": 100.0, "percent_covered_display": "100", "missing_lines": 0, "excluded_lines": 0}, "missing_lines": [], "excluded_lines": []}, "ProjectMemoryManager.remove_events": {"executed_lines": [], "summary": {"covered_lines": 0, "num_statements": 1, "percent_covered": 0.0, "percent_covered_display": "0", "missing_lines": 1, "excluded_lines": 0}, "missing_lines": [406], "excluded_lines": []}, "ProjectMemoryManager.retrain_index": {"executed_lines": [], "summary": {"covered_lines": 0, "num_statements": 1, "percent_covered": 0.0, "percent_covered_display": "0", "missing_lines": 1, "excluded_lines": 0}, "missing_lines": [410], "excluded_lines": []}, "ProjectMemoryManager.optimize_memory": {"executed_lines": [], "summary": {"covered_lines": 0, "num_statements": 7, "percent_covered": 0.0, "percent_covered_display": "0", "missing_lines": 7, "excluded_lines": 0}, "missing_lines": [414, 416, 417, 419, 421, 423, 425], "excluded_lines": []}, "ProjectMemoryManager.get_stats": {"executed_lines": [], "summary": {"covered_lines": 0, "num_statements": 1, "percent_covered": 0.0, "percent_covered_display": "0", "missing_lines": 1, "excluded_lines": 0}, "missing_lines": [429], "excluded_lines": []}, "ProjectMemoryManager.get_index_info": {"executed_lines": [], "summary": {"covered_lines": 0, "num_statements": 1, "percent_covered": 0.0, "percent_covered_display": "0", "missing_lines": 1, "excluded_lines": 0}, "missing_lines": [438], "excluded_lines": []}, "ProjectMemoryManager.clear_memory": {"executed_lines": [], "summary": {"covered_lines": 0, "num_statements": 1, "percent_covered": 0.0, "percent_covered_display": "0", "missing_lines": 1, "excluded_lines": 0}, "missing_lines": [442], "excluded_lines": []}, "ProjectMemoryManager.export_memory": {"executed_lines": [], "summary": {"covered_lines": 0, "num_statements": 4, "percent_covered": 0.0, "percent_covered_display": "0", "missing_lines": 4, "excluded_lines": 0}, "missing_lines": [446, 448, 449, 451], "excluded_lines": []}, "ProjectMemoryManager.import_memory": {"executed_lines": [], "summary": {"covered_lines": 0, "num_statements": 6, "percent_covered": 0.0, "percent_covered_display": "0", "missing_lines": 6, "excluded_lines": 0}, "missing_lines": [459, 460, 462, 465, 468, 470], "excluded_lines": []}, "ProjectMemoryManager.encode_query": {"executed_lines": [], "summary": {"covered_lines": 0, "num_statements": 1, "percent_covered": 0.0, "percent_covered_display": "0", "missing_lines": 1, "excluded_lines": 0}, "missing_lines": [486], "excluded_lines": []}, "ProjectMemoryManager.encode_queries_batch": {"executed_lines": [508, 513, 520], "summary": {"covered_lines": 3, "num_statements": 4, "percent_covered": 75.0, "percent_covered_display": "75", "missing_lines": 1, "excluded_lines": 0}, "missing_lines": [509], "excluded_lines": []}, "ProjectMemoryManager.encode_tokens": {"executed_lines": [], "summary": {"covered_lines": 0, "num_statements": 1, "percent_covered": 0.0, "percent_covered_display": "0", "missing_lines": 1, "excluded_lines": 0}, "missing_lines": [532], "excluded_lines": []}, "ProjectMemoryManager.has_encoder": {"executed_lines": [], "summary": {"covered_lines": 0, "num_statements": 1, "percent_covered": 0.0, "percent_covered_display": "0", "missing_lines": 1, "excluded_lines": 0}, "missing_lines": [536], "excluded_lines": []}, "": {"executed_lines": [1, 3, 4, 5, 6, 7, 8, 10, 11, 13, 14, 15, 16, 17, 19, 22, 23, 25, 27, 128, 132, 136, 140, 194, 204, 233, 249, 269, 329, 396, 404, 408, 412, 427, 436, 440, 444, 457, 476, 488, 522, 534], "summary": {"covered_lines": 40, "num_statements": 40, "percent_covered": 100.0, "percent_covered_display": "100", "missing_lines": 0, "excluded_lines": 0}, "missing_lines": [], "excluded_lines": []}}, "classes": {"ProjectMemoryManager": {"executed_lines": [28, 29, 33, 34, 37, 38, 41, 44, 45, 52, 55, 56, 58, 60, 61, 62, 92, 93, 94, 96, 100, 101, 105, 108, 113, 114, 117, 118, 121, 125, 126, 168, 169, 174, 175, 183, 226, 229, 245, 256, 259, 267, 292, 295, 296, 299, 300, 303, 312, 314, 315, 317, 318, 319, 322, 339, 340, 342, 343, 346, 347, 349, 350, 351, 354, 355, 360, 361, 362, 363, 364, 367, 373, 374, 377, 379, 380, 382, 387, 402, 508, 513, 520], "summary": {"covered_lines": 83, "num_statements": 122, "percent_covered": 68.0327868852459, "percent_covered_display": "68", "missing_lines": 39, "excluded_lines": 0}, "missing_lines": [64, 80, 81, 83, 84, 86, 102, 103, 130, 134, 138, 202, 227, 406, 410, 414, 416, 417, 419, 421, 423, 425, 429, 438, 442, 446, 448, 449, 451, 459, 460, 462, 465, 468, 470, 486, 509, 532, 536], "excluded_lines": []}, "": {"executed_lines": [1, 3, 4, 5, 6, 7, 8, 10, 11, 13, 14, 15, 16, 17, 19, 22, 23, 25, 27, 128, 132, 136, 140, 194, 204, 233, 249, 269, 329, 396, 404, 408, 412, 427, 436, 440, 444, 457, 476, 488, 522, 534], "summary": {"covered_lines": 40, "num_statements": 40, "percent_covered": 100.0, "percent_covered_display": "100", "missing_lines": 0, "excluded_lines": 0}, "missing_lines": [], "excluded_lines": []}}}, "emx_mcp/memory/retrieval.py": {"executed_lines": [2, 12, 13, 14, 15, 16, 18, 20, 23, 24, 30, 31, 32, 33, 36, 37, 40, 41, 42, 44, 48, 60, 63, 66, 67, 70, 71, 85, 87, 98, 115, 118, 122, 123, 127, 128, 140, 142, 143, 148, 149, 150, 154, 155, 156, 157, 161, 163, 173, 178, 182, 189, 195, 196, 197, 200, 205, 207, 213, 215, 216, 220, 229, 232, 235, 236, 238, 239, 248, 250, 289, 315, 322, 329, 331, 332, 334, 335, 336, 338, 342, 343, 344, 345, 347, 349, 351, 352, 354, 355, 356, 357, 359, 363, 365, 375], "summary": {"covered_lines": 94, "num_statements": 158, "percent_covered": 59.49367088607595, "percent_covered_display": "59", "missing_lines": 64, "excluded_lines": 0}, "missing_lines": [72, 77, 78, 79, 80, 81, 82, 116, 119, 120, 131, 133, 134, 158, 159, 190, 191, 192, 202, 209, 210, 211, 245, 246, 260, 261, 265, 268, 269, 273, 275, 276, 277, 278, 279, 280, 281, 283, 298, 300, 305, 306, 308, 309, 311, 312, 313, 317, 318, 319, 320, 324, 325, 377, 378, 379, 380, 381, 382, 383, 384, 385, 386, 387], "excluded_lines": [], "functions": {"CachedBatchRetrieval.__init__": {"executed_lines": [31, 32, 33, 36, 37, 40, 41, 42, 44], "summary": {"covered_lines": 9, "num_statements": 9, "percent_covered": 100.0, "percent_covered_display": "100", "missing_lines": 0, "excluded_lines": 0}, "missing_lines": [], "excluded_lines": []}, "CachedBatchRetrieval.retrieve": {"executed_lines": [60, 63, 66, 67, 70, 71, 85, 87], "summary": {"covered_lines": 8, "num_statements": 15, "percent_covered": 53.333333333333336, "percent_covered_display": "53", "missing_lines": 7, "excluded_lines": 0}, "missing_lines": [72, 77, 78, 79, 80, 81, 82], "excluded_lines": []}, "CachedBatchRetrieval.retrieve_batch": {"executed_lines": [115, 118, 122, 123, 127, 128, 140, 142, 143, 148, 149, 150, 154, 155, 156, 157, 161, 163, 173, 178], "summary": {"covered_lines": 20, "num_statements": 28, "percent_covered": 71.42857142857143, "percent_covered_display": "71", "missing_lines": 8, "excluded_lines": 0}, "missing_lines": [116, 119, 120, 131, 133, 134, 158, 159], "excluded_lines": []}, "CachedBatchRetrieval._get_event_cached": {"executed_lines": [189, 195, 196, 197, 200, 205, 207], "summary": {"covered_lines": 7, "num_statements": 14, "percent_covered": 50.0, "percent_covered_display": "50", "missing_lines": 7, "excluded_lines": 0}, "missing_lines": [190, 191, 192, 202, 209, 210, 211], "excluded_lines": []}, "CachedBatchRetrieval._get_cache_stats": {"executed_lines": [215, 216], "summary": {"covered_lines": 2, "num_statements": 2, "percent_covered": 100.0, "percent_covered_display": "100", "missing_lines": 0, "excluded_lines": 0}, "missing_lines": [], "excluded_lines": []}, "CachedBatchRetrieval.warmup_cache_manual": {"executed_lines": [229, 232, 235, 236, 238, 239, 248], "summary": {"covered_lines": 7, "num_statements": 9, "percent_covered": 77.77777777777777, "percent_covered_display": "78", "missing_lines": 2, "excluded_lines": 0}, "missing_lines": [245, 246], "excluded_lines": []}, "CachedBatchRetrieval.warmup_cache_smart": {"executed_lines": [], "summary": {"covered_lines": 0, "num_statements": 14, "percent_covered": 0.0, "percent_covered_display": "0", "missing_lines": 14, "excluded_lines": 0}, "missing_lines": [260, 261, 265, 268, 269, 273, 275, 276, 277, 278, 279, 280, 281, 283], "excluded_lines": []}, "CachedBatchRetrieval.warmup_cache_random": {"executed_lines": [], "summary": {"covered_lines": 0, "num_statements": 9, "percent_covered": 0.0, "percent_covered_display": "0", "missing_lines": 9, "excluded_lines": 0}, "missing_lines": [298, 300, 305, 306, 308, 309, 311, 312, 313], "excluded_lines": []}, "CachedBatchRetrieval.clear_cache": {"executed_lines": [], "summary": {"covered_lines": 0, "num_statements": 4, "percent_covered": 0.0, "percent_covered_display": "0", "missing_lines": 4, "excluded_lines": 0}, "missing_lines": [317, 318, 319, 320], "excluded_lines": []}, "CachedBatchRetrieval.reset_patterns": {"executed_lines": [], "summary": {"covered_lines": 0, "num_statements": 2, "percent_covered": 0.0, "percent_covered_display": "0", "missing_lines": 2, "excluded_lines": 0}, "missing_lines": [324, 325], "excluded_lines": []}, "CachedBatchRetrieval._retrieve_contiguous_ids": {"executed_lines": [331, 332, 334, 335, 336, 338, 342, 343, 344, 345, 347], "summary": {"covered_lines": 11, "num_statements": 11, "percent_covered": 100.0, "percent_covered_display": "100", "missing_lines": 0, "excluded_lines": 0}, "missing_lines": [], "excluded_lines": []}, "CachedBatchRetrieval._deduplicate_events": {"executed_lines": [351, 352, 354, 355, 356, 357, 359], "summary": {"covered_lines": 7, "num_statements": 7, "percent_covered": 100.0, "percent_covered_display": "100", "missing_lines": 0, "excluded_lines": 0}, "missing_lines": [], "excluded_lines": []}, "CachedBatchRetrieval.get_cache_info": {"executed_lines": [365], "summary": {"covered_lines": 1, "num_statements": 1, "percent_covered": 100.0, "percent_covered_display": "100", "missing_lines": 0, "excluded_lines": 0}, "missing_lines": [], "excluded_lines": []}, "CachedBatchRetrieval.print_cache_stats": {"executed_lines": [], "summary": {"covered_lines": 0, "num_statements": 11, "percent_covered": 0.0, "percent_covered_display": "0", "missing_lines": 11, "excluded_lines": 0}, "missing_lines": [377, 378, 379, 380, 381, 382, 383, 384, 385, 386, 387], "excluded_lines": []}, "": {"executed_lines": [2, 12, 13, 14, 15, 16, 18, 20, 23, 24, 30, 48, 98, 182, 213, 220, 250, 289, 315, 322, 329, 349, 363, 375], "summary": {"covered_lines": 22, "num_statements": 22, "percent_covered": 100.0, "percent_covered_display": "100", "missing_lines": 0, "excluded_lines": 0}, "missing_lines": [], "excluded_lines": []}}, "classes": {"CachedBatchRetrieval": {"executed_lines": [31, 32, 33, 36, 37, 40, 41, 42, 44, 60, 63, 66, 67, 70, 71, 85, 87, 115, 118, 122, 123, 127, 128, 140, 142, 143, 148, 149, 150, 154, 155, 156, 157, 161, 163, 173, 178, 189, 195, 196, 197, 200, 205, 207, 215, 216, 229, 232, 235, 236, 238, 239, 248, 331, 332, 334, 335, 336, 338, 342, 343, 344, 345, 347, 351, 352, 354, 355, 356, 357, 359, 365], "summary": {"covered_lines": 72, "num_statements": 136, "percent_covered": 52.94117647058823, "percent_covered_display": "53", "missing_lines": 64, "excluded_lines": 0}, "missing_lines": [72, 77, 78, 79, 80, 81, 82, 116, 119, 120, 131, 133, 134, 158, 159, 190, 191, 192, 202, 209, 210, 211, 245, 246, 260, 261, 265, 268, 269, 273, 275, 276, 277, 278, 279, 280, 281, 283, 298, 300, 305, 306, 308, 309, 311, 312, 313, 317, 318, 319, 320, 324, 325, 377, 378, 379, 380, 381, 382, 383, 384, 385, 386, 387], "excluded_lines": []}, "": {"executed_lines": [2, 12, 13, 14, 15, 16, 18, 20, 23, 24, 30, 48, 98, 182, 213, 220, 250, 289, 315, 322, 329, 349, 363, 375], "summary": {"covered_lines": 22, "num_statements": 22, "percent_covered": 100.0, "percent_covered_display": "100", "missing_lines": 0, "excluded_lines": 0}, "missing_lines": [], "excluded_lines": []}}}, "emx_mcp/memory/segmentation.py": {"executed_lines": [1, 11, 13, 15, 18, 19, 28, 46, 47, 48, 49, 50, 52, 57, 62, 76, 101, 102, 105, 106, 107, 109, 111, 113, 115, 116, 117, 118, 120, 121, 122, 128, 129, 131, 136, 137, 140, 143, 148, 150, 174, 176, 177, 180, 183, 186, 189, 190, 191, 192, 193, 197, 198, 199, 200, 203, 205, 206, 208, 209, 215, 233, 234, 236, 238, 239, 242, 245, 246, 249, 251, 252, 255, 257, 259, 265, 266, 268, 269, 270, 271, 272, 274, 275, 278, 280, 282, 284, 285, 286, 288, 290, 296, 297, 298, 299, 300, 301, 303, 311, 313, 315, 316, 317, 318, 320, 322, 323, 324, 325, 327, 329, 333, 335, 337, 345, 348, 349, 351, 352, 353, 354, 356, 359, 361, 378, 379, 382, 385, 388, 390, 396, 420, 422, 423, 424, 425, 428, 429, 430, 433, 436, 439, 440, 441, 442, 446, 447, 449, 451, 471, 472, 476, 478, 482, 484, 485, 489, 491, 492, 495, 496, 497, 498, 500, 502, 505, 506, 508, 510, 512, 513, 514, 516, 521, 523, 544, 545, 548, 549, 552, 556, 559, 560, 563, 564, 567, 569, 570, 571, 573, 578], "summary": {"covered_lines": 190, "num_statements": 201, "percent_covered": 94.5273631840796, "percent_covered_display": "95", "missing_lines": 11, "excluded_lines": 0}, "missing_lines": [73, 74, 195, 287, 346, 357, 444, 473, 479, 546, 565], "excluded_lines": [], "functions": {"SurpriseSegmenter.__init__": {"executed_lines": [46, 47, 48, 49, 50, 52, 57], "summary": {"covered_lines": 7, "num_statements": 7, "percent_covered": 100.0, "percent_covered_display": "100", "missing_lines": 0, "excluded_lines": 0}, "missing_lines": [], "excluded_lines": []}, "SurpriseSegmenter.compute_surprise": {"executed_lines": [], "summary": {"covered_lines": 0, "num_statements": 2, "percent_covered": 0.0, "percent_covered_display": "0", "missing_lines": 2, "excluded_lines": 0}, "missing_lines": [73, 74], "excluded_lines": []}, "SurpriseSegmenter.identify_boundaries": {"executed_lines": [101, 102, 105, 106, 107, 109, 111, 113, 115, 116, 117, 118, 120, 121, 122, 128, 129, 131, 136, 137, 140, 143, 148], "summary": {"covered_lines": 23, "num_statements": 23, "percent_covered": 100.0, "percent_covered_display": "100", "missing_lines": 0, "excluded_lines": 0}, "missing_lines": [], "excluded_lines": []}, "SurpriseSegmenter.segment_by_coherence_linear": {"executed_lines": [174, 176, 177, 180, 183, 186, 189, 190, 191, 192, 193, 197, 198, 199, 200, 203, 205, 206, 208, 209], "summary": {"covered_lines": 20, "num_statements": 21, "percent_covered": 95.23809523809524, "percent_covered_display": "95", "missing_lines": 1, "excluded_lines": 0}, "missing_lines": [195], "excluded_lines": []}, "SurpriseSegmenter._compute_embedding_surprises": {"executed_lines": [233, 234, 236, 238, 239, 242, 245, 246, 249, 251, 252, 255, 257], "summary": {"covered_lines": 13, "num_statements": 13, "percent_covered": 100.0, "percent_covered_display": "100", "missing_lines": 0, "excluded_lines": 0}, "missing_lines": [], "excluded_lines": []}, "SurpriseSegmenter._compute_coherence_linear": {"executed_lines": [265, 266, 268, 269, 270, 271, 272, 274, 275, 278, 280], "summary": {"covered_lines": 11, "num_statements": 11, "percent_covered": 100.0, "percent_covered_display": "100", "missing_lines": 0, "excluded_lines": 0}, "missing_lines": [], "excluded_lines": []}, "SurpriseSegmenter._cosine_sim": {"executed_lines": [284, 285, 286, 288], "summary": {"covered_lines": 4, "num_statements": 5, "percent_covered": 80.0, "percent_covered_display": "80", "missing_lines": 1, "excluded_lines": 0}, "missing_lines": [287], "excluded_lines": []}, "SurpriseSegmenter._find_local_minima_linear": {"executed_lines": [296, 297, 298, 299, 300, 301], "summary": {"covered_lines": 6, "num_statements": 6, "percent_covered": 100.0, "percent_covered_display": "100", "missing_lines": 0, "excluded_lines": 0}, "missing_lines": [], "excluded_lines": []}, "SurpriseSegmenter._compute_depth_linear": {"executed_lines": [311, 313, 315, 316, 317, 318, 320, 322, 323, 324, 325, 327, 329, 333, 335], "summary": {"covered_lines": 15, "num_statements": 15, "percent_covered": 100.0, "percent_covered_display": "100", "missing_lines": 0, "excluded_lines": 0}, "missing_lines": [], "excluded_lines": []}, "SurpriseSegmenter._enforce_min_length_linear": {"executed_lines": [345, 348, 349, 351, 352, 353, 354, 356, 359], "summary": {"covered_lines": 9, "num_statements": 11, "percent_covered": 81.81818181818181, "percent_covered_display": "82", "missing_lines": 2, "excluded_lines": 0}, "missing_lines": [346, 357], "excluded_lines": []}, "SurpriseSegmenter._compute_embedding_adjacency": {"executed_lines": [378, 379, 382, 385, 388, 390], "summary": {"covered_lines": 6, "num_statements": 6, "percent_covered": 100.0, "percent_covered_display": "100", "missing_lines": 0, "excluded_lines": 0}, "missing_lines": [], "excluded_lines": []}, "SurpriseSegmenter._refine_boundaries": {"executed_lines": [420, 422, 423, 424, 425, 428, 429, 430, 433, 436, 439, 440, 441, 442, 446, 447, 449], "summary": {"covered_lines": 17, "num_statements": 18, "percent_covered": 94.44444444444444, "percent_covered_display": "94", "missing_lines": 1, "excluded_lines": 0}, "missing_lines": [444], "excluded_lines": []}, "SurpriseSegmenter._optimize_modularity": {"executed_lines": [471, 472, 476, 478, 482, 484, 485, 489, 491, 492, 495, 496, 497, 498, 500, 502, 505, 506, 508, 510, 512, 513, 514, 516, 521], "summary": {"covered_lines": 25, "num_statements": 27, "percent_covered": 92.5925925925926, "percent_covered_display": "93", "missing_lines": 2, "excluded_lines": 0}, "missing_lines": [473, 479], "excluded_lines": []}, "SurpriseSegmenter._optimize_conductance": {"executed_lines": [544, 545, 548, 549, 552, 556, 559, 560, 563, 564, 567, 569, 570, 571, 573, 578], "summary": {"covered_lines": 16, "num_statements": 18, "percent_covered": 88.88888888888889, "percent_covered_display": "89", "missing_lines": 2, "excluded_lines": 0}, "missing_lines": [546, 565], "excluded_lines": []}, "": {"executed_lines": [1, 11, 13, 15, 18, 19, 28, 62, 76, 150, 215, 259, 282, 290, 303, 337, 361, 396, 451, 523], "summary": {"covered_lines": 18, "num_statements": 18, "percent_covered": 100.0, "percent_covered_display": "100", "missing_lines": 0, "excluded_lines": 0}, "missing_lines": [], "excluded_lines": []}}, "classes": {"SurpriseSegmenter": {"executed_lines": [46, 47, 48, 49, 50, 52, 57, 101, 102, 105, 106, 107, 109, 111, 113, 115, 116, 117, 118, 120, 121, 122, 128, 129, 131, 136, 137, 140, 143, 148, 174, 176, 177, 180, 183, 186, 189, 190, 191, 192, 193, 197, 198, 199, 200, 203, 205, 206, 208, 209, 233, 234, 236, 238, 239, 242, 245, 246, 249, 251, 252, 255, 257, 265, 266, 268, 269, 270, 271, 272, 274, 275, 278, 280, 284, 285, 286, 288, 296, 297, 298, 299, 300, 301, 311, 313, 315, 316, 317, 318, 320, 322, 323, 324, 325, 327, 329, 333, 335, 345, 348, 349, 351, 352, 353, 354, 356, 359, 378, 379, 382, 385, 388, 390, 420, 422, 423, 424, 425, 428, 429, 430, 433, 436, 439, 440, 441, 442, 446, 447, 449, 471, 472, 476, 478, 482, 484, 485, 489, 491, 492, 495, 496, 497, 498, 500, 502, 505, 506, 508, 510, 512, 513, 514, 516, 521, 544, 545, 548, 549, 552, 556, 559, 560, 563, 564, 567, 569, 570, 571, 573, 578], "summary": {"covered_lines": 172, "num_statements": 183, "percent_covered": 93.98907103825137, "percent_covered_display": "94", "missing_lines": 11, "excluded_lines": 0}, "missing_lines": [73, 74, 195, 287, 346, 357, 444, 473, 479, 546, 565], "excluded_lines": []}, "": {"executed_lines": [1, 11, 13, 15, 18, 19, 28, 62, 76, 150, 215, 259, 282, 290, 303, 337, 361, 396, 451, 523], "summary": {"covered_lines": 18, "num_statements": 18, "percent_covered": 100.0, "percent_covered_display": "100", "missing_lines": 0, "excluded_lines": 0}, "missing_lines": [], "excluded_lines": []}}}, "emx_mcp/memory/storage.py": {"executed_lines": [2, 17, 18, 19, 20, 21, 22, 23, 24, 26, 28, 29, 30, 31, 33, 36, 39, 40, 42, 48, 49, 50, 53, 54, 57, 58, 61, 62, 63, 64, 68, 69, 71, 86, 97, 98, 104, 105, 108, 109, 112, 115, 118, 119, 121, 122, 126, 127, 129, 131, 132, 133, 135, 144, 146, 148, 149, 150, 151, 153, 163, 164, 166, 176, 184, 190, 191, 197, 198, 199, 200, 202, 205, 207, 209, 211, 213, 220, 222, 225, 226, 229, 235, 239, 246, 248, 249, 251, 252, 258, 262, 264, 265, 266, 268, 270, 306, 321, 339, 340, 341, 342, 344, 346, 351, 354, 355, 358, 359, 362, 363, 366, 369, 371, 386, 388, 389, 405, 439, 441, 443, 444, 445, 446, 447, 451, 453, 467, 469, 470, 471, 472, 473, 474, 475, 478, 480, 482, 484, 488, 495, 499, 501, 502, 503, 504, 506, 508, 510, 519], "summary": {"covered_lines": 147, "num_statements": 255, "percent_covered": 57.64705882352941, "percent_covered_display": "58", "missing_lines": 108, "excluded_lines": 2}, "missing_lines": [73, 74, 75, 78, 80, 185, 186, 187, 214, 218, 223, 227, 259, 260, 267, 280, 281, 282, 283, 284, 285, 287, 288, 289, 290, 291, 292, 294, 295, 296, 297, 298, 299, 301, 303, 304, 308, 309, 310, 311, 312, 314, 315, 316, 317, 318, 319, 379, 380, 381, 384, 391, 392, 393, 394, 395, 396, 397, 399, 400, 401, 403, 407, 408, 409, 410, 411, 412, 413, 415, 416, 417, 418, 420, 421, 423, 424, 425, 427, 428, 430, 431, 433, 448, 449, 476, 477, 490, 491, 492, 493, 497, 512, 521, 522, 523, 525, 526, 528, 529, 530, 532, 533, 534, 535, 536, 537, 539], "excluded_lines": [33, 34], "functions": {"HierarchicalMemoryStore.__init__": {"executed_lines": [48, 49, 50, 53, 54, 57, 58, 61, 62, 63, 64, 68, 69, 71, 86, 97, 98, 104, 105, 108, 109, 112, 115, 118, 119, 121, 122, 126, 127], "summary": {"covered_lines": 29, "num_statements": 34, "percent_covered": 85.29411764705883, "percent_covered_display": "85", "missing_lines": 5, "excluded_lines": 0}, "missing_lines": [73, 74, 75, 78, 80], "excluded_lines": []}, "HierarchicalMemoryStore._load_metadata": {"executed_lines": [131, 132, 133, 135, 144], "summary": {"covered_lines": 5, "num_statements": 5, "percent_covered": 100.0, "percent_covered_display": "100", "missing_lines": 0, "excluded_lines": 0}, "missing_lines": [], "excluded_lines": []}, "HierarchicalMemoryStore._save_metadata": {"executed_lines": [148, 149, 150, 151], "summary": {"covered_lines": 4, "num_statements": 4, "percent_covered": 100.0, "percent_covered_display": "100", "missing_lines": 0, "excluded_lines": 0}, "missing_lines": [], "excluded_lines": []}, "HierarchicalMemoryStore._create_event_object": {"executed_lines": [163, 164, 166], "summary": {"covered_lines": 3, "num_statements": 3, "percent_covered": 100.0, "percent_covered_display": "100", "missing_lines": 0, "excluded_lines": 0}, "missing_lines": [], "excluded_lines": []}, "HierarchicalMemoryStore._store_event_disk_or_json": {"executed_lines": [184, 190, 191, 197, 198, 199, 200, 202, 205, 207], "summary": {"covered_lines": 10, "num_statements": 13, "percent_covered": 76.92307692307692, "percent_covered_display": "77", "missing_lines": 3, "excluded_lines": 0}, "missing_lines": [185, 186, 187], "excluded_lines": []}, "HierarchicalMemoryStore._cache_event": {"executed_lines": [211, 213], "summary": {"covered_lines": 2, "num_statements": 4, "percent_covered": 50.0, "percent_covered_display": "50", "missing_lines": 2, "excluded_lines": 0}, "missing_lines": [214, 218], "excluded_lines": []}, "HierarchicalMemoryStore._add_to_vector_store": {"executed_lines": [222, 225, 226, 229], "summary": {"covered_lines": 4, "num_statements": 6, "percent_covered": 66.66666666666667, "percent_covered_display": "67", "missing_lines": 2, "excluded_lines": 0}, "missing_lines": [223, 227], "excluded_lines": []}, "HierarchicalMemoryStore._add_to_graph_store": {"executed_lines": [239], "summary": {"covered_lines": 1, "num_statements": 1, "percent_covered": 100.0, "percent_covered_display": "100", "missing_lines": 0, "excluded_lines": 0}, "missing_lines": [], "excluded_lines": []}, "HierarchicalMemoryStore._link_to_previous_event": {"executed_lines": [248, 249, 251, 252, 258], "summary": {"covered_lines": 5, "num_statements": 7, "percent_covered": 71.42857142857143, "percent_covered_display": "71", "missing_lines": 2, "excluded_lines": 0}, "missing_lines": [259, 260], "excluded_lines": []}, "HierarchicalMemoryStore._update_metadata_after_add": {"executed_lines": [264, 265, 266, 268], "summary": {"covered_lines": 4, "num_statements": 5, "percent_covered": 80.0, "percent_covered_display": "80", "missing_lines": 1, "excluded_lines": 0}, "missing_lines": [267], "excluded_lines": []}, "HierarchicalMemoryStore._rollback_event_addition": {"executed_lines": [], "summary": {"covered_lines": 0, "num_statements": 21, "percent_covered": 0.0, "percent_covered_display": "0", "missing_lines": 21, "excluded_lines": 0}, "missing_lines": [280, 281, 282, 283, 284, 285, 287, 288, 289, 290, 291, 292, 294, 295, 296, 297, 298, 299, 301, 303, 304], "excluded_lines": []}, "HierarchicalMemoryStore._cleanup_json_files": {"executed_lines": [], "summary": {"covered_lines": 0, "num_statements": 11, "percent_covered": 0.0, "percent_covered_display": "0", "missing_lines": 11, "excluded_lines": 0}, "missing_lines": [308, 309, 310, 311, 312, 314, 315, 316, 317, 318, 319], "excluded_lines": []}, "HierarchicalMemoryStore.add_event": {"executed_lines": [339, 340, 341, 342, 344, 346, 351, 354, 355, 358, 359, 362, 363, 366, 369, 371], "summary": {"covered_lines": 16, "num_statements": 20, "percent_covered": 80.0, "percent_covered_display": "80", "missing_lines": 4, "excluded_lines": 0}, "missing_lines": [379, 380, 381, 384], "excluded_lines": []}, "HierarchicalMemoryStore.get_event": {"executed_lines": [388, 389], "summary": {"covered_lines": 2, "num_statements": 13, "percent_covered": 15.384615384615385, "percent_covered_display": "15", "missing_lines": 11, "excluded_lines": 0}, "missing_lines": [391, 392, 393, 394, 395, 396, 397, 399, 400, 401, 403], "excluded_lines": []}, "HierarchicalMemoryStore.remove_events": {"executed_lines": [], "summary": {"covered_lines": 0, "num_statements": 21, "percent_covered": 0.0, "percent_covered_display": "0", "missing_lines": 21, "excluded_lines": 0}, "missing_lines": [407, 408, 409, 410, 411, 412, 413, 415, 416, 417, 418, 420, 421, 423, 424, 425, 427, 428, 430, 431, 433], "excluded_lines": []}, "HierarchicalMemoryStore.search_events": {"executed_lines": [441, 443, 444, 445, 446, 447, 451], "summary": {"covered_lines": 7, "num_statements": 9, "percent_covered": 77.77777777777777, "percent_covered_display": "78", "missing_lines": 2, "excluded_lines": 0}, "missing_lines": [448, 449], "excluded_lines": []}, "HierarchicalMemoryStore.search_events_batch": {"executed_lines": [467, 469, 470, 471, 472, 473, 474, 475, 478, 480], "summary": {"covered_lines": 10, "num_statements": 12, "percent_covered": 83.33333333333333, "percent_covered_display": "83", "missing_lines": 2, "excluded_lines": 0}, "missing_lines": [476, 477], "excluded_lines": []}, "HierarchicalMemoryStore.get_temporal_neighbors": {"executed_lines": [484], "summary": {"covered_lines": 1, "num_statements": 1, "percent_covered": 100.0, "percent_covered_display": "100", "missing_lines": 0, "excluded_lines": 0}, "missing_lines": [], "excluded_lines": []}, "HierarchicalMemoryStore.prune_least_accessed": {"executed_lines": [], "summary": {"covered_lines": 0, "num_statements": 4, "percent_covered": 0.0, "percent_covered_display": "0", "missing_lines": 4, "excluded_lines": 0}, "missing_lines": [490, 491, 492, 493], "excluded_lines": []}, "HierarchicalMemoryStore.retrain_index": {"executed_lines": [], "summary": {"covered_lines": 0, "num_statements": 1, "percent_covered": 0.0, "percent_covered_display": "0", "missing_lines": 1, "excluded_lines": 0}, "missing_lines": [497], "excluded_lines": []}, "HierarchicalMemoryStore.get_index_info": {"executed_lines": [501, 502, 503, 504], "summary": {"covered_lines": 4, "num_statements": 4, "percent_covered": 100.0, "percent_covered_display": "100", "missing_lines": 0, "excluded_lines": 0}, "missing_lines": [], "excluded_lines": []}, "HierarchicalMemoryStore.event_count": {"executed_lines": [508], "summary": {"covered_lines": 1, "num_statements": 1, "percent_covered": 100.0, "percent_covered_display": "100", "missing_lines": 0, "excluded_lines": 0}, "missing_lines": [], "excluded_lines": []}, "HierarchicalMemoryStore.get_semantic_knowledge": {"executed_lines": [], "summary": {"covered_lines": 0, "num_statements": 1, "percent_covered": 0.0, "percent_covered_display": "0", "missing_lines": 1, "excluded_lines": 0}, "missing_lines": [512], "excluded_lines": []}, "HierarchicalMemoryStore.clear": {"executed_lines": [], "summary": {"covered_lines": 0, "num_statements": 15, "percent_covered": 0.0, "percent_covered_display": "0", "missing_lines": 15, "excluded_lines": 0}, "missing_lines": [521, 522, 523, 525, 526, 528, 529, 530, 532, 533, 534, 535, 536, 537, 539], "excluded_lines": []}, "": {"executed_lines": [2, 17, 18, 19, 20, 21, 22, 23, 24, 26, 28, 29, 30, 31, 33, 36, 39, 40, 42, 129, 146, 153, 176, 209, 220, 235, 246, 262, 270, 306, 321, 386, 405, 439, 453, 482, 488, 495, 499, 506, 510, 519], "summary": {"covered_lines": 39, "num_statements": 39, "percent_covered": 100.0, "percent_covered_display": "100", "missing_lines": 0, "excluded_lines": 2}, "missing_lines": [], "excluded_lines": [33, 34]}}, "classes": {"HierarchicalMemoryStore": {"executed_lines": [48, 49, 50, 53, 54, 57, 58, 61, 62, 63, 64, 68, 69, 71, 86, 97, 98, 104, 105, 108, 109, 112, 115, 118, 119, 121, 122, 126, 127, 131, 132, 133, 135, 144, 148, 149, 150, 151, 163, 164, 166, 184, 190, 191, 197, 198, 199, 200, 202, 205, 207, 211, 213, 222, 225, 226, 229, 239, 248, 249, 251, 252, 258, 264, 265, 266, 268, 339, 340, 341, 342, 344, 346, 351, 354, 355, 358, 359, 362, 363, 366, 369, 371, 388, 389, 441, 443, 444, 445, 446, 447, 451, 467, 469, 470, 471, 472, 473, 474, 475, 478, 480, 484, 501, 502, 503, 504, 508], "summary": {"covered_lines": 108, "num_statements": 216, "percent_covered": 50.0, "percent_covered_display": "50", "missing_lines": 108, "excluded_lines": 0}, "missing_lines": [73, 74, 75, 78, 80, 185, 186, 187, 214, 218, 223, 227, 259, 260, 267, 280, 281, 282, 283, 284, 285, 287, 288, 289, 290, 291, 292, 294, 295, 296, 297, 298, 299, 301, 303, 304, 308, 309, 310, 311, 312, 314, 315, 316, 317, 318, 319, 379, 380, 381, 384, 391, 392, 393, 394, 395, 396, 397, 399, 400, 401, 403, 407, 408, 409, 410, 411, 412, 413, 415, 416, 417, 418, 420, 421, 423, 424, 425, 427, 428, 430, 431, 433, 448, 449, 476, 477, 490, 491, 492, 493, 497, 512, 521, 522, 523, 525, 526, 528, 529, 530, 532, 533, 534, 535, 536, 537, 539], "excluded_lines": []}, "": {"executed_lines": [2, 17, 18, 19, 20, 21, 22, 23, 24, 26, 28, 29, 30, 31, 33, 36, 39, 40, 42, 129, 146, 153, 176, 209, 220, 235, 246, 262, 270, 306, 321, 386, 405, 439, 453, 482, 488, 495, 499, 506, 510, 519], "summary": {"covered_lines": 39, "num_statements": 39, "percent_covered": 100.0, "percent_covered_display": "100", "missing_lines": 0, "excluded_lines": 2}, "missing_lines": [], "excluded_lines": [33, 34]}}}, "emx_mcp/models/events.py": {"executed_lines": [1, 3, 4, 7, 8, 9, 16, 17, 18, 19, 20, 21, 24, 25, 27, 29, 32, 35, 36, 40, 41, 45, 49, 51, 62, 63, 77, 78, 79, 81, 82, 83, 84, 86, 87], "summary": {"covered_lines": 32, "num_statements": 39, "percent_covered": 82.05128205128206, "percent_covered_display": "82", "missing_lines": 7, "excluded_lines": 0}, "missing_lines": [30, 33, 38, 43, 47, 65, 89], "excluded_lines": [], "functions": {"EpisodicEvent.__post_init__": {"executed_lines": [29, 32], "summary": {"covered_lines": 2, "num_statements": 4, "percent_covered": 50.0, "percent_covered_display": "50", "missing_lines": 2, "excluded_lines": 0}, "missing_lines": [30, 33], "excluded_lines": []}, "EpisodicEvent.token_count": {"executed_lines": [], "summary": {"covered_lines": 0, "num_statements": 1, "percent_covered": 0.0, "percent_covered_display": "0", "missing_lines": 1, "excluded_lines": 0}, "missing_lines": [38], "excluded_lines": []}, "EpisodicEvent.duration": {"executed_lines": [], "summary": {"covered_lines": 0, "num_statements": 1, "percent_covered": 0.0, "percent_covered_display": "0", "missing_lines": 1, "excluded_lines": 0}, "missing_lines": [43], "excluded_lines": []}, "EpisodicEvent.increment_access": {"executed_lines": [], "summary": {"covered_lines": 0, "num_statements": 1, "percent_covered": 0.0, "percent_covered_display": "0", "missing_lines": 1, "excluded_lines": 0}, "missing_lines": [47], "excluded_lines": []}, "EpisodicEvent.to_dict": {"executed_lines": [51], "summary": {"covered_lines": 1, "num_statements": 1, "percent_covered": 100.0, "percent_covered_display": "100", "missing_lines": 0, "excluded_lines": 0}, "missing_lines": [], "excluded_lines": []}, "EpisodicEvent.from_dict": {"executed_lines": [], "summary": {"covered_lines": 0, "num_statements": 1, "percent_covered": 0.0, "percent_covered_display": "0", "missing_lines": 1, "excluded_lines": 0}, "missing_lines": [65], "excluded_lines": []}, "EventBoundary.is_refined": {"executed_lines": [], "summary": {"covered_lines": 0, "num_statements": 1, "percent_covered": 0.0, "percent_covered_display": "0", "missing_lines": 1, "excluded_lines": 0}, "missing_lines": [89], "excluded_lines": []}, "": {"executed_lines": [1, 3, 4, 7, 8, 9, 16, 17, 18, 19, 20, 21, 24, 25, 27, 35, 36, 40, 41, 45, 49, 62, 63, 77, 78, 79, 81, 82, 83, 84, 86, 87], "summary": {"covered_lines": 29, "num_statements": 29, "percent_covered": 100.0, "percent_covered_display": "100", "missing_lines": 0, "excluded_lines": 0}, "missing_lines": [], "excluded_lines": []}}, "classes": {"EpisodicEvent": {"executed_lines": [29, 32, 51], "summary": {"covered_lines": 3, "num_statements": 9, "percent_covered": 33.333333333333336, "percent_covered_display": "33", "missing_lines": 6, "excluded_lines": 0}, "missing_lines": [30, 33, 38, 43, 47, 65], "excluded_lines": []}, "EventBoundary": {"executed_lines": [], "summary": {"covered_lines": 0, "num_statements": 1, "percent_covered": 0.0, "percent_covered_display": "0", "missing_lines": 1, "excluded_lines": 0}, "missing_lines": [89], "excluded_lines": []}, "": {"executed_lines": [1, 3, 4, 7, 8, 9, 16, 17, 18, 19, 20, 21, 24, 25, 27, 35, 36, 40, 41, 45, 49, 62, 63, 77, 78, 79, 81, 82, 83, 84, 86, 87], "summary": {"covered_lines": 29, "num_statements": 29, "percent_covered": 100.0, "percent_covered_display": "100", "missing_lines": 0, "excluded_lines": 0}, "missing_lines": [], "excluded_lines": []}}}, "emx_mcp/storage/graph_store.py": {"executed_lines": [1, 3, 4, 5, 7, 10, 11, 13, 14, 15, 16, 17, 18, 20, 22, 23, 34, 46, 52, 58, 60, 68, 69, 73, 75, 85, 87, 88, 92, 94, 96, 97, 101, 103, 107, 109, 111, 119, 120, 123, 131, 132, 134, 147, 153, 160], "summary": {"covered_lines": 44, "num_statements": 60, "percent_covered": 73.33333333333333, "percent_covered_display": "73", "missing_lines": 16, "excluded_lines": 0}, "missing_lines": [77, 78, 82, 83, 121, 136, 137, 145, 149, 150, 151, 155, 156, 157, 158, 162], "excluded_lines": [], "functions": {"GraphStore.__init__": {"executed_lines": [14, 15, 16, 17, 18], "summary": {"covered_lines": 5, "num_statements": 5, "percent_covered": 100.0, "percent_covered_display": "100", "missing_lines": 0, "excluded_lines": 0}, "missing_lines": [], "excluded_lines": []}, "GraphStore._init_schema": {"executed_lines": [22, 23, 34, 46, 52, 58], "summary": {"covered_lines": 6, "num_statements": 6, "percent_covered": 100.0, "percent_covered_display": "100", "missing_lines": 0, "excluded_lines": 0}, "missing_lines": [], "excluded_lines": []}, "GraphStore.add_event": {"executed_lines": [68, 69, 73], "summary": {"covered_lines": 3, "num_statements": 3, "percent_covered": 100.0, "percent_covered_display": "100", "missing_lines": 0, "excluded_lines": 0}, "missing_lines": [], "excluded_lines": []}, "GraphStore.remove_event": {"executed_lines": [], "summary": {"covered_lines": 0, "num_statements": 4, "percent_covered": 0.0, "percent_covered_display": "0", "missing_lines": 4, "excluded_lines": 0}, "missing_lines": [77, 78, 82, 83], "excluded_lines": []}, "GraphStore.increment_access": {"executed_lines": [87, 88, 92], "summary": {"covered_lines": 3, "num_statements": 3, "percent_covered": 100.0, "percent_covered_display": "100", "missing_lines": 0, "excluded_lines": 0}, "missing_lines": [], "excluded_lines": []}, "GraphStore.link_events": {"executed_lines": [96, 97, 101], "summary": {"covered_lines": 3, "num_statements": 3, "percent_covered": 100.0, "percent_covered_display": "100", "missing_lines": 0, "excluded_lines": 0}, "missing_lines": [], "excluded_lines": []}, "GraphStore.get_neighbors": {"executed_lines": [107, 109, 111, 119, 120, 123, 131, 132], "summary": {"covered_lines": 8, "num_statements": 9, "percent_covered": 88.88888888888889, "percent_covered_display": "89", "missing_lines": 1, "excluded_lines": 0}, "missing_lines": [121], "excluded_lines": []}, "GraphStore.get_least_accessed_events": {"executed_lines": [], "summary": {"covered_lines": 0, "num_statements": 3, "percent_covered": 0.0, "percent_covered_display": "0", "missing_lines": 3, "excluded_lines": 0}, "missing_lines": [136, 137, 145], "excluded_lines": []}, "GraphStore.count_events": {"executed_lines": [], "summary": {"covered_lines": 0, "num_statements": 3, "percent_covered": 0.0, "percent_covered_display": "0", "missing_lines": 3, "excluded_lines": 0}, "missing_lines": [149, 150, 151], "excluded_lines": []}, "GraphStore.clear": {"executed_lines": [], "summary": {"covered_lines": 0, "num_statements": 4, "percent_covered": 0.0, "percent_covered_display": "0", "missing_lines": 4, "excluded_lines": 0}, "missing_lines": [155, 156, 157, 158], "excluded_lines": []}, "GraphStore.close": {"executed_lines": [], "summary": {"covered_lines": 0, "num_statements": 1, "percent_covered": 0.0, "percent_covered_display": "0", "missing_lines": 1, "excluded_lines": 0}, "missing_lines": [162], "excluded_lines": []}, "": {"executed_lines": [1, 3, 4, 5, 7, 10, 11, 13, 20, 60, 75, 85, 94, 103, 134, 147, 153, 160], "summary": {"covered_lines": 16, "num_statements": 16, "percent_covered": 100.0, "percent_covered_display": "100", "missing_lines": 0, "excluded_lines": 0}, "missing_lines": [], "excluded_lines": []}}, "classes": {"GraphStore": {"executed_lines": [14, 15, 16, 17, 18, 22, 23, 34, 46, 52, 58, 68, 69, 73, 87, 88, 92, 96, 97, 101, 107, 109, 111, 119, 120, 123, 131, 132], "summary": {"covered_lines": 28, "num_statements": 44, "percent_covered": 63.63636363636363, "percent_covered_display": "64", "missing_lines": 16, "excluded_lines": 0}, "missing_lines": [77, 78, 82, 83, 121, 136, 137, 145, 149, 150, 151, 155, 156, 157, 158, 162], "excluded_lines": []}, "": {"executed_lines": [1, 3, 4, 5, 7, 10, 11, 13, 20, 60, 75, 85, 94, 103, 134, 147, 153, 160], "summary": {"covered_lines": 16, "num_statements": 16, "percent_covered": 100.0, "percent_covered_display": "100", "missing_lines": 0, "excluded_lines": 0}, "missing_lines": [], "excluded_lines": []}}}, "emx_mcp/storage/vector_store.py": {"executed_lines": [2, 19, 20, 21, 22, 23, 25, 26, 28, 31, 32, 34, 35, 37, 38, 39, 40, 41, 42, 43, 45, 46, 47, 49, 50, 52, 53, 54, 55, 56, 57, 64, 66, 67, 69, 70, 73, 74, 84, 97, 98, 99, 100, 101, 102, 103, 104, 106, 107, 109, 110, 111, 114, 115, 116, 117, 119, 120, 123, 126, 135, 136, 137, 143, 144, 145, 147, 148, 150, 152, 154, 155, 156, 158, 160, 162, 164, 166, 167, 168, 176, 177, 181, 182, 183, 184, 186, 187, 193, 195, 197, 199, 203, 204, 206, 207, 209, 215, 223, 224, 225, 228, 229, 230, 238, 239, 243, 244, 245, 246, 248, 249, 250, 251, 253, 254, 260, 262, 263, 266, 267, 269, 278, 279, 280, 281, 282, 285, 286, 287, 289, 290, 292, 294, 301, 302, 303, 305, 306, 307, 309, 310, 312, 314, 315, 316, 317, 318, 322, 333, 334, 339, 341, 342, 343, 344, 346, 347, 354, 355, 356, 357, 359, 361, 362, 364, 367, 381, 382, 383, 384, 385, 388, 389, 390, 392, 393, 395, 396, 397, 398, 400, 402, 428, 437, 438, 439, 441, 442, 444, 446, 447, 450, 451, 456, 458, 459, 462, 464, 465, 466, 468, 470, 477, 479, 493, 494, 495, 497, 500, 502, 503, 504, 506, 507, 508, 510, 511, 516, 518, 519, 525, 527, 528, 529, 531, 533, 535, 541, 543, 544, 545, 546, 550, 552, 554, 558, 560, 561, 564, 565, 566, 568, 586, 683, 685, 686, 687, 688, 689, 690, 691, 692, 693, 694, 696, 698, 699, 701, 703, 704, 705, 706, 708, 711, 719, 721, 724, 726, 727, 729, 730, 733, 735, 737, 748, 750, 751, 752, 753, 754, 759, 761, 762, 764, 769, 770, 772], "summary": {"covered_lines": 285, "num_statements": 381, "percent_covered": 74.80314960629921, "percent_covered_display": "75", "missing_lines": 96, "excluded_lines": 1}, "missing_lines": [59, 60, 61, 62, 127, 128, 129, 185, 188, 189, 190, 191, 200, 201, 216, 217, 221, 252, 255, 256, 257, 258, 319, 320, 349, 404, 405, 406, 408, 410, 411, 412, 413, 414, 415, 416, 417, 418, 419, 420, 422, 423, 424, 426, 448, 548, 556, 594, 595, 596, 598, 601, 602, 604, 611, 612, 618, 619, 620, 622, 623, 624, 625, 626, 627, 630, 631, 632, 635, 636, 637, 638, 639, 641, 642, 643, 644, 645, 647, 649, 657, 658, 666, 671, 707, 712, 713, 714, 715, 717, 744, 745, 746, 755, 756, 757], "excluded_lines": [295], "functions": {"GPUResourceManager.__new__": {"executed_lines": [38, 39, 40, 41, 42, 43], "summary": {"covered_lines": 6, "num_statements": 6, "percent_covered": 100.0, "percent_covered_display": "100", "missing_lines": 0, "excluded_lines": 0}, "missing_lines": [], "excluded_lines": []}, "GPUResourceManager.__init__": {"executed_lines": [46, 47, 49, 50, 52, 53, 54, 55, 56, 57, 64], "summary": {"covered_lines": 11, "num_statements": 15, "percent_covered": 73.33333333333333, "percent_covered_display": "73", "missing_lines": 4, "excluded_lines": 0}, "missing_lines": [59, 60, 61, 62], "excluded_lines": []}, "GPUResourceManager.get_resources": {"executed_lines": [67], "summary": {"covered_lines": 1, "num_statements": 1, "percent_covered": 100.0, "percent_covered_display": "100", "missing_lines": 0, "excluded_lines": 0}, "missing_lines": [], "excluded_lines": []}, "GPUResourceManager.is_available": {"executed_lines": [70], "summary": {"covered_lines": 1, "num_statements": 1, "percent_covered": 100.0, "percent_covered_display": "100", "missing_lines": 0, "excluded_lines": 0}, "missing_lines": [], "excluded_lines": []}, "VectorStore.__init__": {"executed_lines": [97, 98, 99, 100, 101, 102, 103, 104, 106, 107, 109, 110, 111, 114, 115, 116, 117, 119, 120, 123, 126, 135, 136, 137, 143, 144, 145, 147, 148, 150], "summary": {"covered_lines": 30, "num_statements": 33, "percent_covered": 90.9090909090909, "percent_covered_display": "91", "missing_lines": 3, "excluded_lines": 0}, "missing_lines": [127, 128, 129], "excluded_lines": []}, "VectorStore._normalize_vectors": {"executed_lines": [154, 155, 156], "summary": {"covered_lines": 3, "num_statements": 3, "percent_covered": 100.0, "percent_covered_display": "100", "missing_lines": 0, "excluded_lines": 0}, "missing_lines": [], "excluded_lines": []}, "VectorStore._calculate_optimal_nlist": {"executed_lines": [160], "summary": {"covered_lines": 1, "num_statements": 1, "percent_covered": 100.0, "percent_covered_display": "100", "missing_lines": 0, "excluded_lines": 0}, "missing_lines": [], "excluded_lines": []}, "VectorStore._create_index": {"executed_lines": [164, 166, 167, 168, 176, 177, 181, 182, 183, 184, 186, 187, 193, 195], "summary": {"covered_lines": 14, "num_statements": 19, "percent_covered": 73.6842105263158, "percent_covered_display": "74", "missing_lines": 5, "excluded_lines": 0}, "missing_lines": [185, 188, 189, 190, 191], "excluded_lines": []}, "VectorStore._train_index": {"executed_lines": [199, 203, 204, 206, 207, 209, 215, 223, 224, 225, 228, 229, 230, 238, 239, 243, 244, 245, 246, 248, 249, 250, 251, 253, 254, 260, 262, 263, 266, 267, 269, 278, 279, 280, 281, 282, 285, 286, 287, 289, 290, 292, 294, 301, 302, 303, 305, 306, 307, 309, 310], "summary": {"covered_lines": 51, "num_statements": 61, "percent_covered": 83.60655737704919, "percent_covered_display": "84", "missing_lines": 10, "excluded_lines": 1}, "missing_lines": [200, 201, 216, 217, 221, 252, 255, 256, 257, 258], "excluded_lines": [295]}, "VectorStore._set_nprobe": {"executed_lines": [314, 315, 316, 317, 318], "summary": {"covered_lines": 5, "num_statements": 7, "percent_covered": 71.42857142857143, "percent_covered_display": "71", "missing_lines": 2, "excluded_lines": 0}, "missing_lines": [319, 320], "excluded_lines": []}, "VectorStore.add_vectors": {"executed_lines": [333, 334, 339, 341, 342, 343, 344, 346, 347, 354, 355, 356, 357, 359, 361, 362, 364, 367, 381, 382, 383, 384, 385, 388, 389, 390, 392, 393, 395, 396, 397, 398, 400], "summary": {"covered_lines": 33, "num_statements": 34, "percent_covered": 97.05882352941177, "percent_covered_display": "97", "missing_lines": 1, "excluded_lines": 0}, "missing_lines": [349], "excluded_lines": []}, "VectorStore.remove_vectors": {"executed_lines": [], "summary": {"covered_lines": 0, "num_statements": 19, "percent_covered": 0.0, "percent_covered_display": "0", "missing_lines": 19, "excluded_lines": 0}, "missing_lines": [404, 405, 406, 408, 410, 411, 412, 413, 414, 415, 416, 417, 418, 419, 420, 422, 423, 424, 426], "excluded_lines": []}, "VectorStore.search": {"executed_lines": [437, 438, 439, 441, 442, 444, 446, 447, 450, 451, 456, 458, 459, 462, 464, 465, 466, 468], "summary": {"covered_lines": 18, "num_statements": 19, "percent_covered": 94.73684210526316, "percent_covered_display": "95", "missing_lines": 1, "excluded_lines": 0}, "missing_lines": [448], "excluded_lines": []}, "VectorStore._should_use_batch": {"executed_lines": [477], "summary": {"covered_lines": 1, "num_statements": 1, "percent_covered": 100.0, "percent_covered_display": "100", "missing_lines": 0, "excluded_lines": 0}, "missing_lines": [], "excluded_lines": []}, "VectorStore.search_batch": {"executed_lines": [493, 494, 495, 497, 500, 502, 503, 504, 506, 507, 508, 510, 511, 516, 518, 519, 525, 527, 528, 529, 531, 533], "summary": {"covered_lines": 22, "num_statements": 22, "percent_covered": 100.0, "percent_covered_display": "100", "missing_lines": 0, "excluded_lines": 0}, "missing_lines": [], "excluded_lines": []}, "VectorStore.get_recommended_batch_size": {"executed_lines": [541, 543, 544, 545, 546], "summary": {"covered_lines": 5, "num_statements": 6, "percent_covered": 83.33333333333333, "percent_covered_display": "83", "missing_lines": 1, "excluded_lines": 0}, "missing_lines": [548], "excluded_lines": []}, "VectorStore.count": {"executed_lines": [552], "summary": {"covered_lines": 1, "num_statements": 1, "percent_covered": 100.0, "percent_covered_display": "100", "missing_lines": 0, "excluded_lines": 0}, "missing_lines": [], "excluded_lines": []}, "VectorStore.count_events": {"executed_lines": [], "summary": {"covered_lines": 0, "num_statements": 1, "percent_covered": 0.0, "percent_covered_display": "0", "missing_lines": 1, "excluded_lines": 0}, "missing_lines": [556], "excluded_lines": []}, "VectorStore.get_info": {"executed_lines": [560, 561, 564, 565, 566, 568], "summary": {"covered_lines": 6, "num_statements": 6, "percent_covered": 100.0, "percent_covered_display": "100", "missing_lines": 0, "excluded_lines": 0}, "missing_lines": [], "excluded_lines": []}, "VectorStore.retrain": {"executed_lines": [], "summary": {"covered_lines": 0, "num_statements": 37, "percent_covered": 0.0, "percent_covered_display": "0", "missing_lines": 37, "excluded_lines": 0}, "missing_lines": [594, 595, 596, 598, 601, 602, 604, 611, 612, 618, 619, 620, 622, 623, 624, 625, 626, 627, 630, 631, 632, 635, 636, 637, 638, 639, 641, 642, 643, 644, 645, 647, 649, 657, 658, 666, 671], "excluded_lines": []}, "VectorStore.clear": {"executed_lines": [685, 686, 687, 688, 689, 690, 691, 692, 693, 694], "summary": {"covered_lines": 10, "num_statements": 10, "percent_covered": 100.0, "percent_covered_display": "100", "missing_lines": 0, "excluded_lines": 0}, "missing_lines": [], "excluded_lines": []}, "VectorStore._load_index": {"executed_lines": [698, 699, 701, 703, 704, 705, 706, 708, 711, 719, 721, 724, 726, 727, 729, 730, 733, 735, 737], "summary": {"covered_lines": 19, "num_statements": 28, "percent_covered": 67.85714285714286, "percent_covered_display": "68", "missing_lines": 9, "excluded_lines": 0}, "missing_lines": [707, 712, 713, 714, 715, 717, 744, 745, 746], "excluded_lines": []}, "VectorStore._save": {"executed_lines": [750, 751, 752, 753, 754, 759, 761, 762, 764, 769, 770, 772], "summary": {"covered_lines": 12, "num_statements": 15, "percent_covered": 80.0, "percent_covered_display": "80", "missing_lines": 3, "excluded_lines": 0}, "missing_lines": [755, 756, 757], "excluded_lines": []}, "": {"executed_lines": [2, 19, 20, 21, 22, 23, 25, 26, 28, 31, 32, 34, 35, 37, 45, 66, 69, 73, 74, 84, 152, 158, 162, 197, 312, 322, 402, 428, 470, 479, 535, 550, 554, 558, 586, 683, 696, 748], "summary": {"covered_lines": 35, "num_statements": 35, "percent_covered": 100.0, "percent_covered_display": "100", "missing_lines": 0, "excluded_lines": 0}, "missing_lines": [], "excluded_lines": []}}, "classes": {"GPUResourceManager": {"executed_lines": [38, 39, 40, 41, 42, 43, 46, 47, 49, 50, 52, 53, 54, 55, 56, 57, 64, 67, 70], "summary": {"covered_lines": 19, "num_statements": 23, "percent_covered": 82.6086956521739, "percent_covered_display": "83", "missing_lines": 4, "excluded_lines": 0}, "missing_lines": [59, 60, 61, 62], "excluded_lines": []}, "VectorStore": {"executed_lines": [97, 98, 99, 100, 101, 102, 103, 104, 106, 107, 109, 110, 111, 114, 115, 116, 117, 119, 120, 123, 126, 135, 136, 137, 143, 144, 145, 147, 148, 150, 154, 155, 156, 160, 164, 166, 167, 168, 176, 177, 181, 182, 183, 184, 186, 187, 193, 195, 199, 203, 204, 206, 207, 209, 215, 223, 224, 225, 228, 229, 230, 238, 239, 243, 244, 245, 246, 248, 249, 250, 251, 253, 254, 260, 262, 263, 266, 267, 269, 278, 279, 280, 281, 282, 285, 286, 287, 289, 290, 292, 294, 301, 302, 303, 305, 306, 307, 309, 310, 314, 315, 316, 317, 318, 333, 334, 339, 341, 342, 343, 344, 346, 347, 354, 355, 356, 357, 359, 361, 362, 364, 367, 381, 382, 383, 384, 385, 388, 389, 390, 392, 393, 395, 396, 397, 398, 400, 437, 438, 439, 441, 442, 444, 446, 447, 450, 451, 456, 458, 459, 462, 464, 465, 466, 468, 477, 493, 494, 495, 497, 500, 502, 503, 504, 506, 507, 508, 510, 511, 516, 518, 519, 525, 527, 528, 529, 531, 533, 541, 543, 544, 545, 546, 552, 560, 561, 564, 565, 566, 568, 685, 686, 687, 688, 689, 690, 691, 692, 693, 694, 698, 699, 701, 703, 704, 705, 706, 708, 711, 719, 721, 724, 726, 727, 729, 730, 733, 735, 737, 750, 751, 752, 753, 754, 759, 761, 762, 764, 769, 770, 772], "summary": {"covered_lines": 231, "num_statements": 323, "percent_covered": 71.51702786377709, "percent_covered_display": "72", "missing_lines": 92, "excluded_lines": 1}, "missing_lines": [127, 128, 129, 185, 188, 189, 190, 191, 200, 201, 216, 217, 221, 252, 255, 256, 257, 258, 319, 320, 349, 404, 405, 406, 408, 410, 411, 412, 413, 414, 415, 416, 417, 418, 419, 420, 422, 423, 424, 426, 448, 548, 556, 594, 595, 596, 598, 601, 602, 604, 611, 612, 618, 619, 620, 622, 623, 624, 625, 626, 627, 630, 631, 632, 635, 636, 637, 638, 639, 641, 642, 643, 644, 645, 647, 649, 657, 658, 666, 671, 707, 712, 713, 714, 715, 717, 744, 745, 746, 755, 756, 757], "excluded_lines": [295]}, "": {"executed_lines": [2, 19, 20, 21, 22, 23, 25, 26, 28, 31, 32, 34, 35, 37, 45, 66, 69, 73, 74, 84, 152, 158, 162, 197, 312, 322, 402, 428, 470, 479, 535, 550, 554, 558, 586, 683, 696, 748], "summary": {"covered_lines": 35, "num_statements": 35, "percent_covered": 100.0, "percent_covered_display": "100", "missing_lines": 0, "excluded_lines": 0}, "missing_lines": [], "excluded_lines": []}}}, "emx_mcp/utils/config.py": {"executed_lines": [1, 3, 4, 6, 8, 11, 12, 13, 16, 29, 30, 33, 34, 36, 40, 54, 62, 70, 78, 83, 88, 93], "summary": {"covered_lines": 21, "num_statements": 45, "percent_covered": 46.666666666666664, "percent_covered_display": "47", "missing_lines": 24, "excluded_lines": 0}, "missing_lines": [42, 43, 44, 46, 47, 48, 49, 51, 56, 57, 58, 59, 64, 65, 66, 67, 72, 73, 74, 75, 80, 85, 90, 95], "excluded_lines": [], "functions": {"load_config": {"executed_lines": [29, 30, 33, 34, 36], "summary": {"covered_lines": 5, "num_statements": 5, "percent_covered": 100.0, "percent_covered_display": "100", "missing_lines": 0, "excluded_lines": 0}, "missing_lines": [], "excluded_lines": []}, "_get_env_bool": {"executed_lines": [], "summary": {"covered_lines": 0, "num_statements": 8, "percent_covered": 0.0, "percent_covered_display": "0", "missing_lines": 8, "excluded_lines": 0}, "missing_lines": [42, 43, 44, 46, 47, 48, 49, 51], "excluded_lines": []}, "_get_env_int": {"executed_lines": [], "summary": {"covered_lines": 0, "num_statements": 4, "percent_covered": 0.0, "percent_covered_display": "0", "missing_lines": 4, "excluded_lines": 0}, "missing_lines": [56, 57, 58, 59], "excluded_lines": []}, "_get_env_float": {"executed_lines": [], "summary": {"covered_lines": 0, "num_statements": 4, "percent_covered": 0.0, "percent_covered_display": "0", "missing_lines": 4, "excluded_lines": 0}, "missing_lines": [64, 65, 66, 67], "excluded_lines": []}, "_get_env_str": {"executed_lines": [], "summary": {"covered_lines": 0, "num_statements": 4, "percent_covered": 0.0, "percent_covered_display": "0", "missing_lines": 4, "excluded_lines": 0}, "missing_lines": [72, 73, 74, 75], "excluded_lines": []}, "get_env_var": {"executed_lines": [], "summary": {"covered_lines": 0, "num_statements": 1, "percent_covered": 0.0, "percent_covered_display": "0", "missing_lines": 1, "excluded_lines": 0}, "missing_lines": [80], "excluded_lines": []}, "get_bool_env_var": {"executed_lines": [], "summary": {"covered_lines": 0, "num_statements": 1, "percent_covered": 0.0, "percent_covered_display": "0", "missing_lines": 1, "excluded_lines": 0}, "missing_lines": [85], "excluded_lines": []}, "get_int_env_var": {"executed_lines": [], "summary": {"covered_lines": 0, "num_statements": 1, "percent_covered": 0.0, "percent_covered_display": "0", "missing_lines": 1, "excluded_lines": 0}, "missing_lines": [90], "excluded_lines": []}, "get_float_env_var": {"executed_lines": [], "summary": {"covered_lines": 0, "num_statements": 1, "percent_covered": 0.0, "percent_covered_display": "0", "missing_lines": 1, "excluded_lines": 0}, "missing_lines": [95], "excluded_lines": []}, "": {"executed_lines": [1, 3, 4, 6, 8, 11, 12, 13, 16, 40, 54, 62, 70, 78, 83, 88, 93], "summary": {"covered_lines": 16, "num_statements": 16, "percent_covered": 100.0, "percent_covered_display": "100", "missing_lines": 0, "excluded_lines": 0}, "missing_lines": [], "excluded_lines": []}}, "classes": {"": {"executed_lines": [1, 3, 4, 6, 8, 11, 12, 13, 16, 29, 30, 33, 34, 36, 40, 54, 62, 70, 78, 83, 88, 93], "summary": {"covered_lines": 21, "num_statements": 45, "percent_covered": 46.666666666666664, "percent_covered_display": "47", "missing_lines": 24, "excluded_lines": 0}, "missing_lines": [42, 43, 44, 46, 47, 48, 49, 51, 56, 57, 58, 59, 64, 65, 66, 67, 72, 73, 74, 75, 80, 85, 90, 95], "excluded_lines": []}}}, "emx_mcp/utils/config_validator.py": {"executed_lines": [1, 3, 4, 6, 7, 10, 11, 13, 15, 19, 23, 30, 31, 32, 34, 36, 38, 39, 40, 42, 44, 47, 48, 50, 52, 58, 64, 70, 76, 82, 88, 94, 100, 106, 110, 117, 118, 120, 125, 127, 128, 130, 132, 134, 137, 138, 140, 142, 148, 154, 160, 166, 170, 174, 178, 184, 191, 197, 201, 205, 211, 217, 224, 225, 226, 228, 229, 230, 231, 234, 236, 237, 239, 241, 247, 252, 255, 256, 258, 260, 264, 270, 276, 283, 284, 286, 291, 294, 295, 297, 299, 303, 308, 309, 310, 312, 314, 317, 318, 320, 328, 329, 330, 331, 332, 335, 340, 345, 352, 353, 356, 357, 360, 361, 363, 365, 367, 412, 417, 420, 430, 431], "summary": {"covered_lines": 115, "num_statements": 130, "percent_covered": 88.46153846153847, "percent_covered_display": "88", "missing_lines": 15, "excluded_lines": 0}, "missing_lines": [35, 43, 121, 131, 133, 233, 242, 248, 287, 313, 413, 414, 415, 438, 439], "excluded_lines": [], "functions": {"ModelConfig.validate_model_name": {"executed_lines": [34, 36], "summary": {"covered_lines": 2, "num_statements": 3, "percent_covered": 66.66666666666667, "percent_covered_display": "67", "missing_lines": 1, "excluded_lines": 0}, "missing_lines": [35], "excluded_lines": []}, "ModelConfig.validate_batch_size": {"executed_lines": [42, 44], "summary": {"covered_lines": 2, "num_statements": 3, "percent_covered": 66.66666666666667, "percent_covered_display": "67", "missing_lines": 1, "excluded_lines": 0}, "missing_lines": [43], "excluded_lines": []}, "MemoryConfig.validate_block_sizes": {"executed_lines": [120, 125], "summary": {"covered_lines": 2, "num_statements": 3, "percent_covered": 66.66666666666667, "percent_covered_display": "67", "missing_lines": 1, "excluded_lines": 0}, "missing_lines": [121], "excluded_lines": []}, "MemoryConfig.validate_memory_sizes": {"executed_lines": [130, 132, 134], "summary": {"covered_lines": 3, "num_statements": 5, "percent_covered": 60.0, "percent_covered_display": "60", "missing_lines": 2, "excluded_lines": 0}, "missing_lines": [131, 133], "excluded_lines": []}, "StorageConfig.validate_vector_dim": {"executed_lines": [228, 229, 230, 231, 234], "summary": {"covered_lines": 5, "num_statements": 6, "percent_covered": 83.33333333333333, "percent_covered_display": "83", "missing_lines": 1, "excluded_lines": 0}, "missing_lines": [233], "excluded_lines": []}, "StorageConfig.validate_sq_config": {"executed_lines": [239, 241, 247, 252], "summary": {"covered_lines": 4, "num_statements": 6, "percent_covered": 66.66666666666667, "percent_covered_display": "67", "missing_lines": 2, "excluded_lines": 0}, "missing_lines": [242, 248], "excluded_lines": []}, "GPUConfig.validate_batch_sizes": {"executed_lines": [286, 291], "summary": {"covered_lines": 2, "num_statements": 3, "percent_covered": 66.66666666666667, "percent_covered_display": "67", "missing_lines": 1, "excluded_lines": 0}, "missing_lines": [287], "excluded_lines": []}, "LoggingConfig.validate_format": {"executed_lines": [312, 314], "summary": {"covered_lines": 2, "num_statements": 3, "percent_covered": 66.66666666666667, "percent_covered_display": "67", "missing_lines": 1, "excluded_lines": 0}, "missing_lines": [313], "excluded_lines": []}, "EMXConfig.resolve_paths": {"executed_lines": [356, 357, 360, 361, 363], "summary": {"covered_lines": 5, "num_statements": 5, "percent_covered": 100.0, "percent_covered_display": "100", "missing_lines": 0, "excluded_lines": 0}, "missing_lines": [], "excluded_lines": []}, "EMXConfig.to_legacy_dict": {"executed_lines": [367, 412, 417], "summary": {"covered_lines": 3, "num_statements": 6, "percent_covered": 50.0, "percent_covered_display": "50", "missing_lines": 3, "excluded_lines": 0}, "missing_lines": [413, 414, 415], "excluded_lines": []}, "load_validated_config": {"executed_lines": [430, 431], "summary": {"covered_lines": 2, "num_statements": 4, "percent_covered": 50.0, "percent_covered_display": "50", "missing_lines": 2, "excluded_lines": 0}, "missing_lines": [438, 439], "excluded_lines": []}, "": {"executed_lines": [1, 3, 4, 6, 7, 10, 11, 13, 15, 19, 23, 30, 31, 32, 38, 39, 40, 47, 48, 50, 52, 58, 64, 70, 76, 82, 88, 94, 100, 106, 110, 117, 118, 127, 128, 137, 138, 140, 142, 148, 154, 160, 166, 170, 174, 178, 184, 191, 197, 201, 205, 211, 217, 224, 225, 226, 236, 237, 255, 256, 258, 260, 264, 270, 276, 283, 284, 294, 295, 297, 299, 303, 308, 309, 310, 317, 318, 320, 328, 329, 330, 331, 332, 335, 340, 345, 352, 353, 365, 420], "summary": {"covered_lines": 83, "num_statements": 83, "percent_covered": 100.0, "percent_covered_display": "100", "missing_lines": 0, "excluded_lines": 0}, "missing_lines": [], "excluded_lines": []}}, "classes": {"ModelConfig": {"executed_lines": [34, 36, 42, 44], "summary": {"covered_lines": 4, "num_statements": 6, "percent_covered": 66.66666666666667, "percent_covered_display": "67", "missing_lines": 2, "excluded_lines": 0}, "missing_lines": [35, 43], "excluded_lines": []}, "MemoryConfig": {"executed_lines": [120, 125, 130, 132, 134], "summary": {"covered_lines": 5, "num_statements": 8, "percent_covered": 62.5, "percent_covered_display": "62", "missing_lines": 3, "excluded_lines": 0}, "missing_lines": [121, 131, 133], "excluded_lines": []}, "StorageConfig": {"executed_lines": [228, 229, 230, 231, 234, 239, 241, 247, 252], "summary": {"covered_lines": 9, "num_statements": 12, "percent_covered": 75.0, "percent_covered_display": "75", "missing_lines": 3, "excluded_lines": 0}, "missing_lines": [233, 242, 248], "excluded_lines": []}, "GPUConfig": {"executed_lines": [286, 291], "summary": {"covered_lines": 2, "num_statements": 3, "percent_covered": 66.66666666666667, "percent_covered_display": "67", "missing_lines": 1, "excluded_lines": 0}, "missing_lines": [287], "excluded_lines": []}, "LoggingConfig": {"executed_lines": [312, 314], "summary": {"covered_lines": 2, "num_statements": 3, "percent_covered": 66.66666666666667, "percent_covered_display": "67", "missing_lines": 1, "excluded_lines": 0}, "missing_lines": [313], "excluded_lines": []}, "EMXConfig": {"executed_lines": [356, 357, 360, 361, 363, 367, 412, 417], "summary": {"covered_lines": 8, "num_statements": 11, "percent_covered": 72.72727272727273, "percent_covered_display": "73", "missing_lines": 3, "excluded_lines": 0}, "missing_lines": [413, 414, 415], "excluded_lines": []}, "": {"executed_lines": [1, 3, 4, 6, 7, 10, 11, 13, 15, 19, 23, 30, 31, 32, 38, 39, 40, 47, 48, 50, 52, 58, 64, 70, 76, 82, 88, 94, 100, 106, 110, 117, 118, 127, 128, 137, 138, 140, 142, 148, 154, 160, 166, 170, 174, 178, 184, 191, 197, 201, 205, 211, 217, 224, 225, 226, 236, 237, 255, 256, 258, 260, 264, 270, 276, 283, 284, 294, 295, 297, 299, 303, 308, 309, 310, 317, 318, 320, 328, 329, 330, 331, 332, 335, 340, 345, 352, 353, 365, 420, 430, 431], "summary": {"covered_lines": 85, "num_statements": 87, "percent_covered": 97.70114942528735, "percent_covered_display": "98", "missing_lines": 2, "excluded_lines": 0}, "missing_lines": [438, 439], "excluded_lines": []}}}, "emx_mcp/utils/hardware.py": {"executed_lines": [1, 3, 4, 6, 9, 16, 17, 19, 20, 21, 22, 31, 42, 43, 44, 46, 51, 52, 55, 56, 60, 62, 66, 77, 93, 94, 95, 96, 97, 100, 101, 102, 115, 116, 119, 120, 121, 122, 123, 125], "summary": {"covered_lines": 39, "num_statements": 59, "percent_covered": 66.10169491525424, "percent_covered_display": "66", "missing_lines": 20, "excluded_lines": 0}, "missing_lines": [24, 25, 26, 27, 28, 47, 48, 68, 69, 70, 73, 74, 104, 105, 107, 108, 109, 110, 111, 112], "excluded_lines": [], "functions": {"detect_device": {"executed_lines": [16, 17, 19, 20, 21, 22], "summary": {"covered_lines": 6, "num_statements": 11, "percent_covered": 54.54545454545455, "percent_covered_display": "55", "missing_lines": 5, "excluded_lines": 0}, "missing_lines": [24, 25, 26, 27, 28], "excluded_lines": []}, "detect_batch_size": {"executed_lines": [42, 43, 44, 46, 51, 52, 55, 56, 60, 62, 66], "summary": {"covered_lines": 11, "num_statements": 18, "percent_covered": 61.111111111111114, "percent_covered_display": "61", "missing_lines": 7, "excluded_lines": 0}, "missing_lines": [47, 48, 68, 69, 70, 73, 74], "excluded_lines": []}, "enrich_config_with_hardware": {"executed_lines": [93, 94, 95, 96, 97, 100, 101, 102, 115, 116, 119, 120, 121, 122, 123, 125], "summary": {"covered_lines": 16, "num_statements": 24, "percent_covered": 66.66666666666667, "percent_covered_display": "67", "missing_lines": 8, "excluded_lines": 0}, "missing_lines": [104, 105, 107, 108, 109, 110, 111, 112], "excluded_lines": []}, "": {"executed_lines": [1, 3, 4, 6, 9, 31, 77], "summary": {"covered_lines": 6, "num_statements": 6, "percent_covered": 100.0, "percent_covered_display": "100", "missing_lines": 0, "excluded_lines": 0}, "missing_lines": [], "excluded_lines": []}}, "classes": {"": {"executed_lines": [1, 3, 4, 6, 9, 16, 17, 19, 20, 21, 22, 31, 42, 43, 44, 46, 51, 52, 55, 56, 60, 62, 66, 77, 93, 94, 95, 96, 97, 100, 101, 102, 115, 116, 119, 120, 121, 122, 123, 125], "summary": {"covered_lines": 39, "num_statements": 59, "percent_covered": 66.10169491525424, "percent_covered_display": "66", "missing_lines": 20, "excluded_lines": 0}, "missing_lines": [24, 25, 26, 27, 28, 47, 48, 68, 69, 70, 73, 74, 104, 105, 107, 108, 109, 110, 111, 112], "excluded_lines": []}}}, "emx_mcp/utils/logging.py": {"executed_lines": [1, 3, 4, 7, 9, 10, 13, 14, 15, 18, 24, 25, 26], "summary": {"covered_lines": 12, "num_statements": 12, "percent_covered": 100.0, "percent_covered_display": "100", "missing_lines": 0, "excluded_lines": 0}, "missing_lines": [], "excluded_lines": [], "functions": {"setup_logging": {"executed_lines": [9, 10, 13, 14, 15, 18, 24, 25, 26], "summary": {"covered_lines": 9, "num_statements": 9, "percent_covered": 100.0, "percent_covered_display": "100", "missing_lines": 0, "excluded_lines": 0}, "missing_lines": [], "excluded_lines": []}, "": {"executed_lines": [1, 3, 4, 7], "summary": {"covered_lines": 3, "num_statements": 3, "percent_covered": 100.0, "percent_covered_display": "100", "missing_lines": 0, "excluded_lines": 0}, "missing_lines": [], "excluded_lines": []}}, "classes": {"": {"executed_lines": [1, 3, 4, 7, 9, 10, 13, 14, 15, 18, 24, 25, 26], "summary": {"covered_lines": 12, "num_statements": 12, "percent_covered": 100.0, "percent_covered_display": "100", "missing_lines": 0, "excluded_lines": 0}, "missing_lines": [], "excluded_lines": []}}}}, "totals": {"covered_lines": 1275, "num_statements": 1714, "percent_covered": 74.38739789964994, "percent_covered_display": "74", "missing_lines": 439, "excluded_lines": 12}}